22:50:07: Creating resource group General
22:50:07: Creating resource group Internal
22:50:07: Creating resource group Autodetect
22:50:07: Registering ResourceManager for type Material
22:50:07: Registering ResourceManager for type Skeleton
22:50:07: Registering ResourceManager for type Mesh
22:50:07: Skeleton: Loading Troll.skeleton
22:50:07: OGRE EXCEPTION(6:FileNotFoundException): Cannot locate resource Troll.skeleton in resource group General or any other group. in ResourceGroupManager::openResource at /home/kandie/Workspace/Repos/ogre/OgreMain/src/OgreResourceGroupManager.cpp (line 756)
22:50:07: Unable to load skeleton Troll.skeleton for Mesh conversion. This Mesh will not be animated. You can ignore this message if you are using an offline tool.
22:50:07: MeshSerializer writing mesh data to stream ...
22:50:07: File header written.
22:50:07: Writing mesh data...
22:50:07: Writing submesh...
22:50:07: Exporting submesh texture aliases...
22:50:07: Submesh texture aliases exported.
22:50:07: Exporting dedicated geometry bone assignments...
22:50:07: Dedicated geometry bone assignments exported.
22:50:07: Submesh exported.
22:50:07: Exporting skeleton link...
22:50:07: Skeleton link exported.
22:50:07: Exporting bounds information....
22:50:07: Bounds information exported.
22:50:07: Exporting submesh name table...
22:50:07: Submesh name table exported.
22:50:07: Exporting edge lists...
22:50:07: Edge lists exported
22:50:07: Exporting animation Attack_1
22:50:07: Animation exported.
22:50:07: Exporting animation Attack_2
22:50:07: Animation exported.
22:50:07: Exporting animation Death_1
22:50:07: Animation exported.
22:50:07: Exporting animation Death_2
22:50:07: Animation exported.
22:50:07: Exporting animation Idle
22:50:07: Animation exported.
22:50:07: Exporting animation Run
22:50:07: Animation exported.
22:50:07: Exporting animation Walk
22:50:07: Animation exported.
22:50:07: Mesh data exported.
22:50:07: MeshSerializer export successful.
22:50:07: Unregistering ResourceManager for type Mesh
22:50:07: Unregistering ResourceManager for type Skeleton
22:50:07: Unregistering ResourceManager for type Material
