19:56:11: Creating resource group General
19:56:11: Creating resource group Internal
19:56:11: Creating resource group Autodetect
19:56:11: Registering ResourceManager for type Material
19:56:11: Registering ResourceManager for type Skeleton
19:56:11: Registering ResourceManager for type Mesh
19:56:11: Skeleton: Loading Gremlin1.skeleton
19:56:11: OGRE EXCEPTION(6:FileNotFoundException): Cannot locate resource Gremlin1.skeleton in resource group General or any other group. in ResourceGroupManager::openResource at /home/kandie/Workspace/Repos/ogre/OgreMain/src/OgreResourceGroupManager.cpp (line 756)
19:56:11: Unable to load skeleton Gremlin1.skeleton for Mesh conversion. This Mesh will not be animated. You can ignore this message if you are using an offline tool.
19:56:11: MeshSerializer writing mesh data to stream ...
19:56:11: File header written.
19:56:11: Writing mesh data...
19:56:11: Writing submesh...
19:56:11: Exporting submesh texture aliases...
19:56:11: Submesh texture aliases exported.
19:56:11: Exporting dedicated geometry bone assignments...
19:56:11: Dedicated geometry bone assignments exported.
19:56:11: Submesh exported.
19:56:11: Exporting skeleton link...
19:56:11: Skeleton link exported.
19:56:11: Exporting bounds information....
19:56:11: Bounds information exported.
19:56:11: Exporting submesh name table...
19:56:11: Submesh name table exported.
19:56:11: Exporting edge lists...
19:56:11: Edge lists exported
19:56:11: Mesh data exported.
19:56:11: MeshSerializer export successful.
19:56:11: Unregistering ResourceManager for type Mesh
19:56:11: Unregistering ResourceManager for type Skeleton
19:56:11: Unregistering ResourceManager for type Material
