04:44:22: Creating resource group General
04:44:22: Creating resource group Internal
04:44:22: Creating resource group Autodetect
04:44:22: Registering ResourceManager for type Mesh
04:44:22: Registering ResourceManager for type Material
04:44:22: Registering ResourceManager for type Skeleton
04:44:22: XMLMeshSerializer reading mesh data from /home/sugar/models/ragnaros/raggyyyy.mesh.xml...
04:44:22: Reading submeshes...
04:44:22: Reading geometry...
04:44:22: Geometry done...
04:44:22: Reading geometry...
04:44:22: Geometry done...
04:44:22: Reading geometry...
04:44:22: Geometry done...
04:44:22: Reading geometry...
04:44:22: Geometry done...
04:44:22: Reading geometry...
04:44:22: Geometry done...
04:44:22: Reading geometry...
04:44:22: Geometry done...
04:44:22: Reading geometry...
04:44:22: Geometry done...
04:44:22: Reading geometry...
04:44:22: Geometry done...
04:44:22: Reading geometry...
04:44:22: Geometry done...
04:44:22: Reading geometry...
04:44:22: Geometry done...
04:44:22: Reading geometry...
04:44:22: Geometry done...
04:44:22: Reading geometry...
04:44:22: Geometry done...
04:44:22: Reading geometry...
04:44:22: Geometry done...
04:44:22: Reading geometry...
04:44:22: Geometry done...
04:44:22: Reading geometry...
04:44:22: Geometry done...
04:44:22: Submeshes done.
04:44:23: XMLMeshSerializer import successful.
04:44:23: Reorganising vertex buffers to automatic layout..
04:44:23: MeshSerializer writing mesh data to /home/sugar/models/ragnaros/raggyyyy.mesh...
04:44:23: File header written.
04:44:23: Writing mesh data...
04:44:23: Writing submesh...
04:44:23: Exporting submesh texture aliases...
04:44:23: Submesh texture aliases exported.
04:44:23: Submesh exported.
04:44:23: Writing submesh...
04:44:23: Exporting submesh texture aliases...
04:44:23: Submesh texture aliases exported.
04:44:23: Submesh exported.
04:44:23: Writing submesh...
04:44:23: Exporting submesh texture aliases...
04:44:23: Submesh texture aliases exported.
04:44:23: Submesh exported.
04:44:23: Writing submesh...
04:44:23: Exporting submesh texture aliases...
04:44:23: Submesh texture aliases exported.
04:44:23: Submesh exported.
04:44:23: Writing submesh...
04:44:23: Exporting submesh texture aliases...
04:44:23: Submesh texture aliases exported.
04:44:23: Submesh exported.
04:44:23: Writing submesh...
04:44:23: Exporting submesh texture aliases...
04:44:23: Submesh texture aliases exported.
04:44:23: Submesh exported.
04:44:23: Writing submesh...
04:44:23: Exporting submesh texture aliases...
04:44:23: Submesh texture aliases exported.
04:44:23: Submesh exported.
04:44:23: Writing submesh...
04:44:23: Exporting submesh texture aliases...
04:44:23: Submesh texture aliases exported.
04:44:23: Submesh exported.
04:44:23: Writing submesh...
04:44:23: Exporting submesh texture aliases...
04:44:23: Submesh texture aliases exported.
04:44:23: Submesh exported.
04:44:23: Writing submesh...
04:44:23: Exporting submesh texture aliases...
04:44:23: Submesh texture aliases exported.
04:44:23: Submesh exported.
04:44:23: Writing submesh...
04:44:23: Exporting submesh texture aliases...
04:44:23: Submesh texture aliases exported.
04:44:23: Submesh exported.
04:44:23: Writing submesh...
04:44:23: Exporting submesh texture aliases...
04:44:23: Submesh texture aliases exported.
04:44:23: Submesh exported.
04:44:23: Writing submesh...
04:44:23: Exporting submesh texture aliases...
04:44:23: Submesh texture aliases exported.
04:44:23: Submesh exported.
04:44:23: Writing submesh...
04:44:23: Exporting submesh texture aliases...
04:44:23: Submesh texture aliases exported.
04:44:23: Submesh exported.
04:44:23: Writing submesh...
04:44:23: Exporting submesh texture aliases...
04:44:23: Submesh texture aliases exported.
04:44:23: Submesh exported.
04:44:23: Exporting bounds information....
04:44:23: Bounds information exported.
04:44:23: Exporting submesh name table...
04:44:23: Submesh name table exported.
04:44:23: Exporting edge lists...
04:44:23: Edge lists exported
04:44:23: Mesh data exported.
04:44:23: MeshSerializer export successful.
04:44:23: Unregistering ResourceManager for type Skeleton
04:44:23: Unregistering ResourceManager for type Material
04:44:23: Unregistering ResourceManager for type Mesh
