21:03:59: Creating resource group General
21:03:59: Creating resource group Internal
21:03:59: Creating resource group Autodetect
21:03:59: Registering ResourceManager for type Material
21:03:59: Registering ResourceManager for type Skeleton
21:03:59: Registering ResourceManager for type Mesh
21:03:59: Skeleton: Loading SkeletonPeasant.skeleton
21:03:59: OGRE EXCEPTION(6:FileNotFoundException): Cannot locate resource SkeletonPeasant.skeleton in resource group General or any other group. in ResourceGroupManager::openResource at /home/kandie/Workspace/Repos/ogre/OgreMain/src/OgreResourceGroupManager.cpp (line 756)
21:03:59: Unable to load skeleton SkeletonPeasant.skeleton for Mesh conversion. This Mesh will not be animated. You can ignore this message if you are using an offline tool.
21:03:59: WARNING: conversion is an older format ([MeshSerializer_v1.41]); you should upgrade it as soon as possible using the OgreMeshUpgrade tool.
21:03:59: MeshSerializer writing mesh data to stream ...
21:03:59: File header written.
21:03:59: Writing mesh data...
21:03:59: Writing submesh...
21:03:59: Exporting submesh texture aliases...
21:03:59: Submesh texture aliases exported.
21:03:59: Exporting dedicated geometry bone assignments...
21:03:59: Dedicated geometry bone assignments exported.
21:03:59: Submesh exported.
21:03:59: Exporting skeleton link...
21:03:59: Skeleton link exported.
21:03:59: Exporting bounds information....
21:03:59: Bounds information exported.
21:03:59: Exporting submesh name table...
21:03:59: Submesh name table exported.
21:03:59: Exporting edge lists...
21:03:59: Edge lists exported
21:03:59: Exporting animation Attack_1
21:03:59: Animation exported.
21:03:59: Exporting animation Attack_2
21:03:59: Animation exported.
21:03:59: Exporting animation Attack_3
21:03:59: Animation exported.
21:03:59: Exporting animation Casting
21:03:59: Animation exported.
21:03:59: Exporting animation Death_1
21:03:59: Animation exported.
21:03:59: Exporting animation Death_2
21:03:59: Animation exported.
21:03:59: Exporting animation Idle_1
21:03:59: Animation exported.
21:03:59: Exporting animation Idle_2
21:03:59: Animation exported.
21:03:59: Exporting animation Idle_3
21:03:59: Animation exported.
21:03:59: Exporting animation Jump
21:03:59: Animation exported.
21:03:59: Exporting animation Rest
21:03:59: Animation exported.
21:03:59: Exporting animation Run_1
21:03:59: Animation exported.
21:03:59: Exporting animation Run_2
21:03:59: Animation exported.
21:03:59: Exporting animation Scaring
21:03:59: Animation exported.
21:03:59: Exporting animation Scream
21:03:59: Animation exported.
21:03:59: Exporting animation Sleeping
21:03:59: Animation exported.
21:03:59: Exporting animation Walk_1
21:03:59: Animation exported.
21:03:59: Exporting animation Walk_2
21:03:59: Animation exported.
21:03:59: Mesh data exported.
21:03:59: MeshSerializer export successful.
21:03:59: Unregistering ResourceManager for type Mesh
21:03:59: Unregistering ResourceManager for type Skeleton
21:03:59: Unregistering ResourceManager for type Material
