15:38:16: Creating resource group General
15:38:16: Creating resource group Internal
15:38:16: Creating resource group Autodetect
15:38:16: Registering ResourceManager for type Material
15:38:16: Registering ResourceManager for type Skeleton
15:38:16: Registering ResourceManager for type Mesh
15:38:17: Skeleton: Loading troll.skeleton
15:38:17: OGRE EXCEPTION(6:FileNotFoundException): Cannot locate resource troll.skeleton in resource group General or any other group. in ResourceGroupManager::openResource at /home/kandie/Workspace/Repos/ogre/OgreMain/src/OgreResourceGroupManager.cpp (line 756)
15:38:17: Unable to load skeleton troll.skeleton for Mesh conversion. This Mesh will not be animated. You can ignore this message if you are using an offline tool.
15:38:17: MeshSerializer writing mesh data to stream ...
15:38:17: File header written.
15:38:17: Writing mesh data...
15:38:17: Writing submesh...
15:38:17: Exporting submesh texture aliases...
15:38:17: Submesh texture aliases exported.
15:38:17: Exporting dedicated geometry bone assignments...
15:38:17: Dedicated geometry bone assignments exported.
15:38:17: Submesh exported.
15:38:17: Exporting skeleton link...
15:38:17: Skeleton link exported.
15:38:17: Exporting bounds information....
15:38:17: Bounds information exported.
15:38:17: Exporting submesh name table...
15:38:17: Submesh name table exported.
15:38:17: Exporting edge lists...
15:38:17: Edge lists exported
15:38:17: Mesh data exported.
15:38:17: MeshSerializer export successful.
15:38:17: Unregistering ResourceManager for type Mesh
15:38:17: Unregistering ResourceManager for type Skeleton
15:38:17: Unregistering ResourceManager for type Material
