16:26:44: Creating resource group General
16:26:44: Creating resource group Internal
16:26:44: Creating resource group Autodetect
16:26:44: Registering ResourceManager for type Mesh
16:26:44: Registering ResourceManager for type Material
16:26:44: Registering ResourceManager for type Skeleton
16:26:45: XMLMeshSerializer reading mesh data from /home/sugar/models/revenant-5/wf-revenant.mesh.xml...
16:26:45: Reading submeshes...
16:26:45: Reading geometry...
16:26:45: Geometry done...
16:26:45: Reading geometry...
16:26:45: Geometry done...
16:26:45: Reading geometry...
16:26:45: Geometry done...
16:26:45: Reading geometry...
16:26:46: Geometry done...
16:26:46: Reading geometry...
16:26:46: Geometry done...
16:26:46: Submeshes done.
16:26:46: XMLMeshSerializer import successful.
16:26:46: Reorganising vertex buffers to automatic layout..
16:26:46: MeshSerializer writing mesh data to /home/sugar/models/revenant-5/wf-revenant.mesh...
16:26:46: File header written.
16:26:46: Writing mesh data...
16:26:46: Writing submesh...
16:26:46: Exporting submesh texture aliases...
16:26:46: Submesh texture aliases exported.
16:26:46: Submesh exported.
16:26:46: Writing submesh...
16:26:46: Exporting submesh texture aliases...
16:26:46: Submesh texture aliases exported.
16:26:46: Submesh exported.
16:26:46: Writing submesh...
16:26:46: Exporting submesh texture aliases...
16:26:46: Submesh texture aliases exported.
16:26:46: Submesh exported.
16:26:46: Writing submesh...
16:26:46: Exporting submesh texture aliases...
16:26:46: Submesh texture aliases exported.
16:26:46: Submesh exported.
16:26:46: Writing submesh...
16:26:46: Exporting submesh texture aliases...
16:26:46: Submesh texture aliases exported.
16:26:46: Submesh exported.
16:26:46: Exporting bounds information....
16:26:46: Bounds information exported.
16:26:46: Exporting submesh name table...
16:26:46: Submesh name table exported.
16:26:46: Exporting edge lists...
16:26:46: Edge lists exported
16:26:46: Mesh data exported.
16:26:46: MeshSerializer export successful.
16:26:46: Unregistering ResourceManager for type Skeleton
16:26:46: Unregistering ResourceManager for type Material
16:26:46: Unregistering ResourceManager for type Mesh
