16:17:18: Creating resource group General
16:17:18: Creating resource group Internal
16:17:18: Creating resource group Autodetect
16:17:18: Registering ResourceManager for type Material
16:17:18: Registering ResourceManager for type Skeleton
16:17:18: Registering ResourceManager for type Mesh
16:17:18: Skeleton: Loading troll.skeleton
16:17:18: OGRE EXCEPTION(6:FileNotFoundException): Cannot locate resource troll.skeleton in resource group General or any other group. in ResourceGroupManager::openResource at /home/kandie/Workspace/Repos/ogre/OgreMain/src/OgreResourceGroupManager.cpp (line 756)
16:17:18: Unable to load skeleton troll.skeleton for Mesh conversion. This Mesh will not be animated. You can ignore this message if you are using an offline tool.
16:17:18: MeshSerializer writing mesh data to stream ...
16:17:18: File header written.
16:17:18: Writing mesh data...
16:17:18: Writing submesh...
16:17:18: Exporting submesh texture aliases...
16:17:18: Submesh texture aliases exported.
16:17:18: Exporting dedicated geometry bone assignments...
16:17:18: Dedicated geometry bone assignments exported.
16:17:18: Submesh exported.
16:17:18: Exporting skeleton link...
16:17:18: Skeleton link exported.
16:17:18: Exporting bounds information....
16:17:18: Bounds information exported.
16:17:18: Exporting submesh name table...
16:17:18: Submesh name table exported.
16:17:18: Exporting edge lists...
16:17:18: Edge lists exported
16:17:18: Exporting animation Attack_1
16:17:18: Animation exported.
16:17:18: Exporting animation Attack_2
16:17:18: Animation exported.
16:17:18: Exporting animation Death_1
16:17:18: Animation exported.
16:17:18: Exporting animation Death_2
16:17:18: Animation exported.
16:17:18: Exporting animation Idle
16:17:18: Animation exported.
16:17:18: Exporting animation Run
16:17:18: Animation exported.
16:17:18: Exporting animation Walk
16:17:18: Animation exported.
16:17:18: Mesh data exported.
16:17:18: MeshSerializer export successful.
16:17:18: Unregistering ResourceManager for type Mesh
16:17:18: Unregistering ResourceManager for type Skeleton
16:17:18: Unregistering ResourceManager for type Material
