15:52:13: Creating resource group General
15:52:13: Creating resource group Internal
15:52:13: Creating resource group Autodetect
15:52:13: Registering ResourceManager for type Material
15:52:13: Registering ResourceManager for type Skeleton
15:52:13: Registering ResourceManager for type Mesh
15:52:13: Skeleton: Loading troll.skeleton
15:52:13: OGRE EXCEPTION(6:FileNotFoundException): Cannot locate resource troll.skeleton in resource group General or any other group. in ResourceGroupManager::openResource at /home/kandie/Workspace/Repos/ogre/OgreMain/src/OgreResourceGroupManager.cpp (line 756)
15:52:13: Unable to load skeleton troll.skeleton for Mesh conversion. This Mesh will not be animated. You can ignore this message if you are using an offline tool.
15:52:13: MeshSerializer writing mesh data to stream ...
15:52:13: File header written.
15:52:13: Writing mesh data...
15:52:13: Writing submesh...
15:52:13: Exporting submesh texture aliases...
15:52:13: Submesh texture aliases exported.
15:52:13: Exporting dedicated geometry bone assignments...
15:52:13: Dedicated geometry bone assignments exported.
15:52:13: Submesh exported.
15:52:13: Exporting skeleton link...
15:52:13: Skeleton link exported.
15:52:13: Exporting bounds information....
15:52:13: Bounds information exported.
15:52:13: Exporting submesh name table...
15:52:13: Submesh name table exported.
15:52:13: Exporting edge lists...
15:52:13: Edge lists exported
15:52:13: Mesh data exported.
15:52:13: MeshSerializer export successful.
15:52:13: Unregistering ResourceManager for type Mesh
15:52:13: Unregistering ResourceManager for type Skeleton
15:52:13: Unregistering ResourceManager for type Material
